Vivado Simulator 2018.1
Copyright 1986-1999, 2001-2017 Xilinx, Inc. All Rights Reserved.
Running: C:/Xilinx/Vivado/2018.1/bin/unwrapped/win64.o/xelab.exe -wto 5f81234ddb59411cbe71d879d2c47b1c --incr --debug typical --relax --mt 2 -L xil_defaultlib -L secureip --snapshot cont_330_tb_behav xil_defaultlib.cont_330_tb -log elaborate.log 
Using 2 slave threads.
Starting static elaboration
Completed static elaboration
Starting simulation data flow analysis
Completed simulation data flow analysis
Time Resolution for simulation is 1ps
Compiling package std.standard
Compiling package std.textio
Compiling package ieee.std_logic_1164
Compiling package ieee.std_logic_arith
Compiling package ieee.std_logic_unsigned
Compiling architecture cont_bin_bloque_arq of entity xil_defaultlib.cont_bin_bloque [cont_bin_bloque_default]
Compiling architecture v_ffd_a of entity xil_defaultlib.v_ffd [v_ffd_default]
Compiling architecture compeq_arq of entity xil_defaultlib.compEq [\compEq(n=9)\]
Compiling architecture cont_330_arq of entity xil_defaultlib.cont_330 [cont_330_default]
Compiling architecture cont_330_tb_arq of entity xil_defaultlib.cont_330_tb
Built simulation snapshot cont_330_tb_behav
